file /Users/llarizgoitialive/Documents/FISIKA_PhD/GanESS/GanESS_software/GanESS/simGanESS/SConstruct,line 164:
	Configure(confdir = .sconf)
scons: Configure: Checking for C++ header file G4Event.hh... 
scons: Configure: ".sconf/conftest_0.cpp" is up to date.
scons: Configure: The original builder output was:
  |.sconf/conftest_0.cpp <-
  |  |
  |  |#include "G4Event.hh"
  |  |
  |  |
  |
scons: Configure: ".sconf/conftest_0.o" is up to date.
scons: Configure: The original builder output was:
  |g++ -o .sconf/conftest_0.o -c -std=c++17 -W -Wall -pedantic -Wno-non-virtual-dtor -Wno-long-long -Wwrite-strings -Wpointer-arith -Woverloaded-virtual -Wno-variadic-macros -Wshadow -pipe -Qunused-arguments -pthread -ftls-model=initial-exec -g -fdiagnostics-color -DG4VIS_USE_OPENGL -DG4UI_USE_TCSH -DG4UI_USE_QT -DG4VIS_USE_OPENGLQT -DGL_SILENCE_DEPRECATION -I/opt/homebrew/Cellar/qt@5/5.15.5_1/lib/QtCore.framework -I/opt/homebrew/Cellar/qt@5/5.15.5_1/lib/QtCore.framework/Headers -I/opt/homebrew/Cellar/qt@5/5.15.5_1/mkspecs/macx-clang-arm64 -I/opt/homebrew/Cellar/qt@5/5.15.5_1/lib/QtGui.framework -I/opt/homebrew/Cellar/qt@5/5.15.5_1/lib/QtGui.framework/Headers -I/Applications/Xcode.app/Contents/Developer/Platforms/MacOSX.platform/Developer/SDKs/MacOSX11.3.sdk/System/Library/Frameworks/OpenGL.framework/Headers -I/opt/homebrew/Cellar/qt@5/5.15.5_1/lib/QtWidgets.framework -I/opt/homebrew/Cellar/qt@5/5.15.5_1/lib/QtWidgets.framework/Headers -I/opt/homebrew/Cellar/qt@5/5.15.5_1/lib/QtOpenGL.framework -I/opt/homebrew/Cellar/qt@5/5.15.5_1/lib/QtOpenGL.framework/Headers -I/opt/homebrew/Cellar/qt@5/5.15.5_1/lib/QtPrintSupport.framework -I/opt/homebrew/Cellar/qt@5/5.15.5_1/lib/QtPrintSupport.framework/Headers -I/opt/homebrew/Cellar/qt@5/5.15.5_1/lib/Qt3DCore.framework -I/opt/homebrew/Cellar/qt@5/5.15.5_1/lib/Qt3DCore.framework/Headers -I/opt/homebrew/Cellar/qt@5/5.15.5_1/lib/QtNetwork.framework -I/opt/homebrew/Cellar/qt@5/5.15.5_1/lib/QtNetwork.framework/Headers -I/opt/homebrew/Cellar/qt@5/5.15.5_1/lib/Qt3DExtras.framework -I/opt/homebrew/Cellar/qt@5/5.15.5_1/lib/Qt3DExtras.framework/Headers -I/opt/homebrew/Cellar/qt@5/5.15.5_1/lib/Qt3DRender.framework -I/opt/homebrew/Cellar/qt@5/5.15.5_1/lib/Qt3DRender.framework/Headers -I/opt/homebrew/Cellar/qt@5/5.15.5_1/lib/Qt3DInput.framework -I/opt/homebrew/Cellar/qt@5/5.15.5_1/lib/Qt3DInput.framework/Headers -I/opt/homebrew/Cellar/qt@5/5.15.5_1/lib/QtGamepad.framework -I/opt/homebrew/Cellar/qt@5/5.15.5_1/lib/QtGamepad.framework/Headers -I/opt/homebrew/Cellar/qt@5/5.15.5_1/lib/Qt3DLogic.framework -I/opt/homebrew/Cellar/qt@5/5.15.5_1/lib/Qt3DLogic.framework/Headers -I/Users/llarizgoitialive/Geant4/geant4-v11.0.2/install/include/Geant4 .sconf/conftest_0.cpp
  |
scons: Configure: (cached) yes

scons: Configure: Checking for C++ library G4global... 
scons: Configure: ".sconf/conftest_1.cpp" is up to date.
scons: Configure: The original builder output was:
  |.sconf/conftest_1.cpp <-
  |  |
  |  |
  |  |
  |  |int
  |  |main() {
  |  |  
  |  |return 0;
  |  |}
  |  |
  |
scons: Configure: ".sconf/conftest_1.o" is up to date.
scons: Configure: The original builder output was:
  |g++ -o .sconf/conftest_1.o -c -std=c++17 -W -Wall -pedantic -Wno-non-virtual-dtor -Wno-long-long -Wwrite-strings -Wpointer-arith -Woverloaded-virtual -Wno-variadic-macros -Wshadow -pipe -Qunused-arguments -pthread -ftls-model=initial-exec -g -fdiagnostics-color -DG4VIS_USE_OPENGL -DG4UI_USE_TCSH -DG4UI_USE_QT -DG4VIS_USE_OPENGLQT -DGL_SILENCE_DEPRECATION -I/opt/homebrew/Cellar/qt@5/5.15.5_1/lib/QtCore.framework -I/opt/homebrew/Cellar/qt@5/5.15.5_1/lib/QtCore.framework/Headers -I/opt/homebrew/Cellar/qt@5/5.15.5_1/mkspecs/macx-clang-arm64 -I/opt/homebrew/Cellar/qt@5/5.15.5_1/lib/QtGui.framework -I/opt/homebrew/Cellar/qt@5/5.15.5_1/lib/QtGui.framework/Headers -I/Applications/Xcode.app/Contents/Developer/Platforms/MacOSX.platform/Developer/SDKs/MacOSX11.3.sdk/System/Library/Frameworks/OpenGL.framework/Headers -I/opt/homebrew/Cellar/qt@5/5.15.5_1/lib/QtWidgets.framework -I/opt/homebrew/Cellar/qt@5/5.15.5_1/lib/QtWidgets.framework/Headers -I/opt/homebrew/Cellar/qt@5/5.15.5_1/lib/QtOpenGL.framework -I/opt/homebrew/Cellar/qt@5/5.15.5_1/lib/QtOpenGL.framework/Headers -I/opt/homebrew/Cellar/qt@5/5.15.5_1/lib/QtPrintSupport.framework -I/opt/homebrew/Cellar/qt@5/5.15.5_1/lib/QtPrintSupport.framework/Headers -I/opt/homebrew/Cellar/qt@5/5.15.5_1/lib/Qt3DCore.framework -I/opt/homebrew/Cellar/qt@5/5.15.5_1/lib/Qt3DCore.framework/Headers -I/opt/homebrew/Cellar/qt@5/5.15.5_1/lib/QtNetwork.framework -I/opt/homebrew/Cellar/qt@5/5.15.5_1/lib/QtNetwork.framework/Headers -I/opt/homebrew/Cellar/qt@5/5.15.5_1/lib/Qt3DExtras.framework -I/opt/homebrew/Cellar/qt@5/5.15.5_1/lib/Qt3DExtras.framework/Headers -I/opt/homebrew/Cellar/qt@5/5.15.5_1/lib/Qt3DRender.framework -I/opt/homebrew/Cellar/qt@5/5.15.5_1/lib/Qt3DRender.framework/Headers -I/opt/homebrew/Cellar/qt@5/5.15.5_1/lib/Qt3DInput.framework -I/opt/homebrew/Cellar/qt@5/5.15.5_1/lib/Qt3DInput.framework/Headers -I/opt/homebrew/Cellar/qt@5/5.15.5_1/lib/QtGamepad.framework -I/opt/homebrew/Cellar/qt@5/5.15.5_1/lib/QtGamepad.framework/Headers -I/opt/homebrew/Cellar/qt@5/5.15.5_1/lib/Qt3DLogic.framework -I/opt/homebrew/Cellar/qt@5/5.15.5_1/lib/Qt3DLogic.framework/Headers -I/Users/llarizgoitialive/Geant4/geant4-v11.0.2/install/include/Geant4 .sconf/conftest_1.cpp
  |
scons: Configure: ".sconf/conftest_1" is up to date.
scons: Configure: The original builder output was:
  |g++ -o .sconf/conftest_1 -pthread .sconf/conftest_1.o -L/Users/llarizgoitialive/Geant4/geant4-v11.0.2/install/lib -lG4OpenGL -lG4gl2ps -lG4Tree -lG4FR -lG4GMocren -lG4visHepRep -lG4RayTracer -lG4VRML -lG4vis_management -lG4modeling -lG4interfaces -lG4persistency -lG4error_propagation -lG4readout -lG4physicslists -lG4tasking -lG4run -lG4event -lG4tracking -lG4parmodels -lG4processes -lG4analysis -lG4digits_hits -lG4track -lG4particles -lG4geometry -lG4materials -lG4graphics_reps -lG4intercoms -lG4global -lG4tools -lG4clhep -lG4expat -lG4zlib -lG4ptl -lG4global
  |
scons: Configure: (cached) yes

scons: Configure: Checking for C++ header file hdf5.h... 
scons: Configure: ".sconf/conftest_2.cpp" is up to date.
scons: Configure: The original builder output was:
  |.sconf/conftest_2.cpp <-
  |  |
  |  |#include "hdf5.h"
  |  |
  |  |
  |
scons: Configure: ".sconf/conftest_2.o" is up to date.
scons: Configure: The original builder output was:
  |g++ -o .sconf/conftest_2.o -c -std=c++17 -W -Wall -pedantic -Wno-non-virtual-dtor -Wno-long-long -Wwrite-strings -Wpointer-arith -Woverloaded-virtual -Wno-variadic-macros -Wshadow -pipe -Qunused-arguments -pthread -ftls-model=initial-exec -g -fdiagnostics-color -DG4VIS_USE_OPENGL -DG4UI_USE_TCSH -DG4UI_USE_QT -DG4VIS_USE_OPENGLQT -DGL_SILENCE_DEPRECATION -I/opt/homebrew/Cellar/qt@5/5.15.5_1/lib/QtCore.framework -I/opt/homebrew/Cellar/qt@5/5.15.5_1/lib/QtCore.framework/Headers -I/opt/homebrew/Cellar/qt@5/5.15.5_1/mkspecs/macx-clang-arm64 -I/opt/homebrew/Cellar/qt@5/5.15.5_1/lib/QtGui.framework -I/opt/homebrew/Cellar/qt@5/5.15.5_1/lib/QtGui.framework/Headers -I/Applications/Xcode.app/Contents/Developer/Platforms/MacOSX.platform/Developer/SDKs/MacOSX11.3.sdk/System/Library/Frameworks/OpenGL.framework/Headers -I/opt/homebrew/Cellar/qt@5/5.15.5_1/lib/QtWidgets.framework -I/opt/homebrew/Cellar/qt@5/5.15.5_1/lib/QtWidgets.framework/Headers -I/opt/homebrew/Cellar/qt@5/5.15.5_1/lib/QtOpenGL.framework -I/opt/homebrew/Cellar/qt@5/5.15.5_1/lib/QtOpenGL.framework/Headers -I/opt/homebrew/Cellar/qt@5/5.15.5_1/lib/QtPrintSupport.framework -I/opt/homebrew/Cellar/qt@5/5.15.5_1/lib/QtPrintSupport.framework/Headers -I/opt/homebrew/Cellar/qt@5/5.15.5_1/lib/Qt3DCore.framework -I/opt/homebrew/Cellar/qt@5/5.15.5_1/lib/Qt3DCore.framework/Headers -I/opt/homebrew/Cellar/qt@5/5.15.5_1/lib/QtNetwork.framework -I/opt/homebrew/Cellar/qt@5/5.15.5_1/lib/QtNetwork.framework/Headers -I/opt/homebrew/Cellar/qt@5/5.15.5_1/lib/Qt3DExtras.framework -I/opt/homebrew/Cellar/qt@5/5.15.5_1/lib/Qt3DExtras.framework/Headers -I/opt/homebrew/Cellar/qt@5/5.15.5_1/lib/Qt3DRender.framework -I/opt/homebrew/Cellar/qt@5/5.15.5_1/lib/Qt3DRender.framework/Headers -I/opt/homebrew/Cellar/qt@5/5.15.5_1/lib/Qt3DInput.framework -I/opt/homebrew/Cellar/qt@5/5.15.5_1/lib/Qt3DInput.framework/Headers -I/opt/homebrew/Cellar/qt@5/5.15.5_1/lib/QtGamepad.framework -I/opt/homebrew/Cellar/qt@5/5.15.5_1/lib/QtGamepad.framework/Headers -I/opt/homebrew/Cellar/qt@5/5.15.5_1/lib/Qt3DLogic.framework -I/opt/homebrew/Cellar/qt@5/5.15.5_1/lib/Qt3DLogic.framework/Headers -I/Users/llarizgoitialive/Geant4/geant4-v11.0.2/install/include/Geant4 -I/Users/llarizgoitialive/HDF5/hdf5-1.12.1/hdf5/include .sconf/conftest_2.cpp
  |
scons: Configure: (cached) yes

scons: Configure: Checking for C++ library hdf5... 
scons: Configure: ".sconf/conftest_3.cpp" is up to date.
scons: Configure: The original builder output was:
  |.sconf/conftest_3.cpp <-
  |  |
  |  |
  |  |
  |  |int
  |  |main() {
  |  |  
  |  |return 0;
  |  |}
  |  |
  |
scons: Configure: ".sconf/conftest_3.o" is up to date.
scons: Configure: The original builder output was:
  |g++ -o .sconf/conftest_3.o -c -std=c++17 -W -Wall -pedantic -Wno-non-virtual-dtor -Wno-long-long -Wwrite-strings -Wpointer-arith -Woverloaded-virtual -Wno-variadic-macros -Wshadow -pipe -Qunused-arguments -pthread -ftls-model=initial-exec -g -fdiagnostics-color -DG4VIS_USE_OPENGL -DG4UI_USE_TCSH -DG4UI_USE_QT -DG4VIS_USE_OPENGLQT -DGL_SILENCE_DEPRECATION -I/opt/homebrew/Cellar/qt@5/5.15.5_1/lib/QtCore.framework -I/opt/homebrew/Cellar/qt@5/5.15.5_1/lib/QtCore.framework/Headers -I/opt/homebrew/Cellar/qt@5/5.15.5_1/mkspecs/macx-clang-arm64 -I/opt/homebrew/Cellar/qt@5/5.15.5_1/lib/QtGui.framework -I/opt/homebrew/Cellar/qt@5/5.15.5_1/lib/QtGui.framework/Headers -I/Applications/Xcode.app/Contents/Developer/Platforms/MacOSX.platform/Developer/SDKs/MacOSX11.3.sdk/System/Library/Frameworks/OpenGL.framework/Headers -I/opt/homebrew/Cellar/qt@5/5.15.5_1/lib/QtWidgets.framework -I/opt/homebrew/Cellar/qt@5/5.15.5_1/lib/QtWidgets.framework/Headers -I/opt/homebrew/Cellar/qt@5/5.15.5_1/lib/QtOpenGL.framework -I/opt/homebrew/Cellar/qt@5/5.15.5_1/lib/QtOpenGL.framework/Headers -I/opt/homebrew/Cellar/qt@5/5.15.5_1/lib/QtPrintSupport.framework -I/opt/homebrew/Cellar/qt@5/5.15.5_1/lib/QtPrintSupport.framework/Headers -I/opt/homebrew/Cellar/qt@5/5.15.5_1/lib/Qt3DCore.framework -I/opt/homebrew/Cellar/qt@5/5.15.5_1/lib/Qt3DCore.framework/Headers -I/opt/homebrew/Cellar/qt@5/5.15.5_1/lib/QtNetwork.framework -I/opt/homebrew/Cellar/qt@5/5.15.5_1/lib/QtNetwork.framework/Headers -I/opt/homebrew/Cellar/qt@5/5.15.5_1/lib/Qt3DExtras.framework -I/opt/homebrew/Cellar/qt@5/5.15.5_1/lib/Qt3DExtras.framework/Headers -I/opt/homebrew/Cellar/qt@5/5.15.5_1/lib/Qt3DRender.framework -I/opt/homebrew/Cellar/qt@5/5.15.5_1/lib/Qt3DRender.framework/Headers -I/opt/homebrew/Cellar/qt@5/5.15.5_1/lib/Qt3DInput.framework -I/opt/homebrew/Cellar/qt@5/5.15.5_1/lib/Qt3DInput.framework/Headers -I/opt/homebrew/Cellar/qt@5/5.15.5_1/lib/QtGamepad.framework -I/opt/homebrew/Cellar/qt@5/5.15.5_1/lib/QtGamepad.framework/Headers -I/opt/homebrew/Cellar/qt@5/5.15.5_1/lib/Qt3DLogic.framework -I/opt/homebrew/Cellar/qt@5/5.15.5_1/lib/Qt3DLogic.framework/Headers -I/Users/llarizgoitialive/Geant4/geant4-v11.0.2/install/include/Geant4 -I/Users/llarizgoitialive/HDF5/hdf5-1.12.1/hdf5/include .sconf/conftest_3.cpp
  |
scons: Configure: ".sconf/conftest_3" is up to date.
scons: Configure: The original builder output was:
  |g++ -o .sconf/conftest_3 -pthread .sconf/conftest_3.o -L/Users/llarizgoitialive/Geant4/geant4-v11.0.2/install/lib -L/Users/llarizgoitialive/HDF5/hdf5-1.12.1/hdf5/lib -lG4OpenGL -lG4gl2ps -lG4Tree -lG4FR -lG4GMocren -lG4visHepRep -lG4RayTracer -lG4VRML -lG4vis_management -lG4modeling -lG4interfaces -lG4persistency -lG4error_propagation -lG4readout -lG4physicslists -lG4tasking -lG4run -lG4event -lG4tracking -lG4parmodels -lG4processes -lG4analysis -lG4digits_hits -lG4track -lG4particles -lG4geometry -lG4materials -lG4graphics_reps -lG4intercoms -lG4global -lG4tools -lG4clhep -lG4expat -lG4zlib -lG4ptl -lhdf5 -lhdf5
  |
scons: Configure: (cached) yes

scons: Configure: Checking for C++ header file nexus/NexusApp.h... 
scons: Configure: ".sconf/conftest_4.cpp" is up to date.
scons: Configure: The original builder output was:
  |.sconf/conftest_4.cpp <-
  |  |
  |  |#include "nexus/NexusApp.h"
  |  |
  |  |
  |
scons: Configure: ".sconf/conftest_4.o" is up to date.
scons: Configure: The original builder output was:
  |g++ -o .sconf/conftest_4.o -c -std=c++17 -W -Wall -pedantic -Wno-non-virtual-dtor -Wno-long-long -Wwrite-strings -Wpointer-arith -Woverloaded-virtual -Wno-variadic-macros -Wshadow -pipe -Qunused-arguments -pthread -ftls-model=initial-exec -g -fdiagnostics-color -DG4VIS_USE_OPENGL -DG4UI_USE_TCSH -DG4UI_USE_QT -DG4VIS_USE_OPENGLQT -DGL_SILENCE_DEPRECATION -I/opt/homebrew/Cellar/qt@5/5.15.5_1/lib/QtCore.framework -I/opt/homebrew/Cellar/qt@5/5.15.5_1/lib/QtCore.framework/Headers -I/opt/homebrew/Cellar/qt@5/5.15.5_1/mkspecs/macx-clang-arm64 -I/opt/homebrew/Cellar/qt@5/5.15.5_1/lib/QtGui.framework -I/opt/homebrew/Cellar/qt@5/5.15.5_1/lib/QtGui.framework/Headers -I/Applications/Xcode.app/Contents/Developer/Platforms/MacOSX.platform/Developer/SDKs/MacOSX11.3.sdk/System/Library/Frameworks/OpenGL.framework/Headers -I/opt/homebrew/Cellar/qt@5/5.15.5_1/lib/QtWidgets.framework -I/opt/homebrew/Cellar/qt@5/5.15.5_1/lib/QtWidgets.framework/Headers -I/opt/homebrew/Cellar/qt@5/5.15.5_1/lib/QtOpenGL.framework -I/opt/homebrew/Cellar/qt@5/5.15.5_1/lib/QtOpenGL.framework/Headers -I/opt/homebrew/Cellar/qt@5/5.15.5_1/lib/QtPrintSupport.framework -I/opt/homebrew/Cellar/qt@5/5.15.5_1/lib/QtPrintSupport.framework/Headers -I/opt/homebrew/Cellar/qt@5/5.15.5_1/lib/Qt3DCore.framework -I/opt/homebrew/Cellar/qt@5/5.15.5_1/lib/Qt3DCore.framework/Headers -I/opt/homebrew/Cellar/qt@5/5.15.5_1/lib/QtNetwork.framework -I/opt/homebrew/Cellar/qt@5/5.15.5_1/lib/QtNetwork.framework/Headers -I/opt/homebrew/Cellar/qt@5/5.15.5_1/lib/Qt3DExtras.framework -I/opt/homebrew/Cellar/qt@5/5.15.5_1/lib/Qt3DExtras.framework/Headers -I/opt/homebrew/Cellar/qt@5/5.15.5_1/lib/Qt3DRender.framework -I/opt/homebrew/Cellar/qt@5/5.15.5_1/lib/Qt3DRender.framework/Headers -I/opt/homebrew/Cellar/qt@5/5.15.5_1/lib/Qt3DInput.framework -I/opt/homebrew/Cellar/qt@5/5.15.5_1/lib/Qt3DInput.framework/Headers -I/opt/homebrew/Cellar/qt@5/5.15.5_1/lib/QtGamepad.framework -I/opt/homebrew/Cellar/qt@5/5.15.5_1/lib/QtGamepad.framework/Headers -I/opt/homebrew/Cellar/qt@5/5.15.5_1/lib/Qt3DLogic.framework -I/opt/homebrew/Cellar/qt@5/5.15.5_1/lib/Qt3DLogic.framework/Headers -I/Users/llarizgoitialive/Geant4/geant4-v11.0.2/install/include/Geant4 -I/Users/llarizgoitialive/HDF5/hdf5-1.12.1/hdf5/include -I/Users/llarizgoitialive/Documents/FISIKA_PhD/NEXT/nexus/include .sconf/conftest_4.cpp
  |
scons: Configure: (cached) yes

scons: Configure: Checking for C++ library nexus... 
scons: Configure: ".sconf/conftest_5.cpp" is up to date.
scons: Configure: The original builder output was:
  |.sconf/conftest_5.cpp <-
  |  |
  |  |
  |  |
  |  |int
  |  |main() {
  |  |  
  |  |return 0;
  |  |}
  |  |
  |
scons: Configure: ".sconf/conftest_5.o" is up to date.
scons: Configure: The original builder output was:
  |g++ -o .sconf/conftest_5.o -c -std=c++17 -W -Wall -pedantic -Wno-non-virtual-dtor -Wno-long-long -Wwrite-strings -Wpointer-arith -Woverloaded-virtual -Wno-variadic-macros -Wshadow -pipe -Qunused-arguments -pthread -ftls-model=initial-exec -g -fdiagnostics-color -DG4VIS_USE_OPENGL -DG4UI_USE_TCSH -DG4UI_USE_QT -DG4VIS_USE_OPENGLQT -DGL_SILENCE_DEPRECATION -I/opt/homebrew/Cellar/qt@5/5.15.5_1/lib/QtCore.framework -I/opt/homebrew/Cellar/qt@5/5.15.5_1/lib/QtCore.framework/Headers -I/opt/homebrew/Cellar/qt@5/5.15.5_1/mkspecs/macx-clang-arm64 -I/opt/homebrew/Cellar/qt@5/5.15.5_1/lib/QtGui.framework -I/opt/homebrew/Cellar/qt@5/5.15.5_1/lib/QtGui.framework/Headers -I/Applications/Xcode.app/Contents/Developer/Platforms/MacOSX.platform/Developer/SDKs/MacOSX11.3.sdk/System/Library/Frameworks/OpenGL.framework/Headers -I/opt/homebrew/Cellar/qt@5/5.15.5_1/lib/QtWidgets.framework -I/opt/homebrew/Cellar/qt@5/5.15.5_1/lib/QtWidgets.framework/Headers -I/opt/homebrew/Cellar/qt@5/5.15.5_1/lib/QtOpenGL.framework -I/opt/homebrew/Cellar/qt@5/5.15.5_1/lib/QtOpenGL.framework/Headers -I/opt/homebrew/Cellar/qt@5/5.15.5_1/lib/QtPrintSupport.framework -I/opt/homebrew/Cellar/qt@5/5.15.5_1/lib/QtPrintSupport.framework/Headers -I/opt/homebrew/Cellar/qt@5/5.15.5_1/lib/Qt3DCore.framework -I/opt/homebrew/Cellar/qt@5/5.15.5_1/lib/Qt3DCore.framework/Headers -I/opt/homebrew/Cellar/qt@5/5.15.5_1/lib/QtNetwork.framework -I/opt/homebrew/Cellar/qt@5/5.15.5_1/lib/QtNetwork.framework/Headers -I/opt/homebrew/Cellar/qt@5/5.15.5_1/lib/Qt3DExtras.framework -I/opt/homebrew/Cellar/qt@5/5.15.5_1/lib/Qt3DExtras.framework/Headers -I/opt/homebrew/Cellar/qt@5/5.15.5_1/lib/Qt3DRender.framework -I/opt/homebrew/Cellar/qt@5/5.15.5_1/lib/Qt3DRender.framework/Headers -I/opt/homebrew/Cellar/qt@5/5.15.5_1/lib/Qt3DInput.framework -I/opt/homebrew/Cellar/qt@5/5.15.5_1/lib/Qt3DInput.framework/Headers -I/opt/homebrew/Cellar/qt@5/5.15.5_1/lib/QtGamepad.framework -I/opt/homebrew/Cellar/qt@5/5.15.5_1/lib/QtGamepad.framework/Headers -I/opt/homebrew/Cellar/qt@5/5.15.5_1/lib/Qt3DLogic.framework -I/opt/homebrew/Cellar/qt@5/5.15.5_1/lib/Qt3DLogic.framework/Headers -I/Users/llarizgoitialive/Geant4/geant4-v11.0.2/install/include/Geant4 -I/Users/llarizgoitialive/HDF5/hdf5-1.12.1/hdf5/include -I/Users/llarizgoitialive/Documents/FISIKA_PhD/NEXT/nexus/include .sconf/conftest_5.cpp
  |
scons: Configure: ".sconf/conftest_5" is up to date.
scons: Configure: The original builder output was:
  |g++ -o .sconf/conftest_5 -pthread .sconf/conftest_5.o -L/Users/llarizgoitialive/Geant4/geant4-v11.0.2/install/lib -L/Users/llarizgoitialive/HDF5/hdf5-1.12.1/hdf5/lib -L/Users/llarizgoitialive/Documents/FISIKA_PhD/NEXT/nexus/lib -lG4OpenGL -lG4gl2ps -lG4Tree -lG4FR -lG4GMocren -lG4visHepRep -lG4RayTracer -lG4VRML -lG4vis_management -lG4modeling -lG4interfaces -lG4persistency -lG4error_propagation -lG4readout -lG4physicslists -lG4tasking -lG4run -lG4event -lG4tracking -lG4parmodels -lG4processes -lG4analysis -lG4digits_hits -lG4track -lG4particles -lG4geometry -lG4materials -lG4graphics_reps -lG4intercoms -lG4global -lG4tools -lG4clhep -lG4expat -lG4zlib -lG4ptl -lhdf5 -lnexus -lnexus
  |
scons: Configure: (cached) yes


